Terminals which are not used

   INVALID_ID
   COLON
   BRACKET_OPEN
   BRACKET_CLOSE
   FINAL_KEYWORD
   ABSTRACT_KEYWORD


State 57 conflicts: 1 shift/reduce
State 96 conflicts: 1 shift/reduce
State 127 conflicts: 8 shift/reduce
State 132 conflicts: 1 shift/reduce
State 139 conflicts: 8 shift/reduce
State 140 conflicts: 8 shift/reduce
State 141 conflicts: 8 shift/reduce
State 142 conflicts: 8 shift/reduce
State 143 conflicts: 8 shift/reduce
State 144 conflicts: 8 shift/reduce
State 169 conflicts: 1 shift/reduce


Grammar

    0 $accept: programme $end

    1 programme: class_list

    2 class_list: class_list class
    3           | class

    4 class: CLASS_KEYWORD ID CURLY_OPEN CURLY_CLOSE
    5      | CLASS_KEYWORD ID CURLY_OPEN class_body CURLY_CLOSE
    6      | error ID CURLY_OPEN class_body CURLY_CLOSE
    7      | CLASS_KEYWORD error CURLY_OPEN class_body CURLY_CLOSE
    8      | CLASS_KEYWORD ID error class_body CURLY_CLOSE
    9      | CLASS_KEYWORD ID CURLY_OPEN class_body error
   10      | CLASS_KEYWORD ID EXTENDS_KEYWORD ID CURLY_OPEN class_body CURLY_CLOSE
   11      | CLASS_KEYWORD ID IMPLEMENTS_KEYWORD id_list CURLY_OPEN class_body CURLY_CLOSE
   12      | CLASS_KEYWORD ID EXTENDS_KEYWORD ID IMPLEMENTS_KEYWORD id_list CURLY_OPEN class_body CURLY_CLOSE

   13 class_body: class_body class_member
   14           | class_member

   15 class_member: field_declaration
   16             | method_declaration

   17 field_declaration: access_modifier type id_list SEMICOLON
   18                  | access_modifier STATIC_KEYWORD type id_list SEMICOLON
   19                  | access_modifier type ID AFF expression SEMICOLON
   20                  | access_modifier STATIC_KEYWORD type ID AFF expression SEMICOLON

   21 id_list: ID
   22        | id_list COMMA ID

   23 access_modifier: PUBLIC_KEYWORD
   24                | PRIVATE_KEYWORD
   25                | PROTECTED_KEYWORD
   26                | /* empty */

   27 type: INT_TYPE
   28     | FLOAT_TYPE
   29     | BOOLEAN_TYPE
   30     | CHAR_TYPE
   31     | STRING_TYPE
   32     | VOID_TYPE
   33     | ID

   34 method_declaration: method_signature CURLY_OPEN method_body CURLY_CLOSE

   35 method_signature: access_modifier type ID PAREN_OPEN parameter_list PAREN_CLOSE
   36                 | access_modifier STATIC_KEYWORD type ID PAREN_OPEN parameter_list PAREN_CLOSE
   37                 | access_modifier type ID PAREN_OPEN PAREN_CLOSE
   38                 | access_modifier STATIC_KEYWORD type ID PAREN_OPEN PAREN_CLOSE

   39 parameter_list: parameter
   40               | parameter_list COMMA parameter

   41 parameter: type ID

   42 method_body: statement_list

   43 statement_list: statement_list statement
   44               | statement

   45 statement: block
   46          | if_statement
   47          | while_statement
   48          | for_statement
   49          | return_statement
   50          | expression_statement
   51          | local_variable_declaration
   52          | assignment_statement

   53 assignment_statement: ID AFF expression SEMICOLON

   54 block: CURLY_OPEN statement_list CURLY_CLOSE

   55 if_statement: IF_KEYWORD PAREN_OPEN expression PAREN_CLOSE statement
   56             | IF_KEYWORD PAREN_OPEN expression PAREN_CLOSE statement ELSE_KEYWORD statement

   57 while_statement: WHILE_KEYWORD PAREN_OPEN expression PAREN_CLOSE statement

   58 for_statement: FOR_KEYWORD PAREN_OPEN for_init_statement SEMICOLON expression SEMICOLON for_update_statement PAREN_CLOSE statement

   59 for_init_statement: local_variable_declaration
   60                   | expression_statement

   61 for_update_statement: expression_statement

   62 return_statement: RETURN_KEYWORD SEMICOLON
   63                 | RETURN_KEYWORD expression SEMICOLON

   64 expression: expression OP_ADD expression
   65           | expression OP_SUBTRACT expression
   66           | expression OP_MULTIPLY expression
   67           | expression OP_DIVIDE expression
   68           | expression OP_MODULO expression
   69           | expression OP_REL expression
   70           | ID DOT expression
   71           | expression DOT ID PAREN_OPEN PAREN_CLOSE
   72           | expression PAREN_OPEN argument_list PAREN_CLOSE
   73           | expression PAREN_OPEN PAREN_CLOSE
   74           | PAREN_OPEN expression PAREN_CLOSE
   75           | INT_LITERAL
   76           | FLOAT_LITERAL
   77           | BOOLEAN_LITERAL
   78           | CHAR_LITERAL
   79           | STRING_LITERAL
   80           | THIS_KEYWORD
   81           | ID
   82           | error

   83 argument_list: expression
   84              | argument_list COMMA expression

   85 expression_statement: SEMICOLON
   86                     | expression SEMICOLON

   87 local_variable_declaration: type ID SEMICOLON
   88                           | type ID AFF expression SEMICOLON


Terminals, with rules where they appear

$end (0) 0
error (256) 6 7 8 9 82
ID (258) 4 5 6 8 9 10 11 12 19 20 21 22 33 35 36 37 38 41 53 70 71
    81 87 88
INVALID_ID (259)
OP_MULTIPLY (260) 66
OP_DIVIDE (261) 67
OP_ADD (262) 64
OP_SUBTRACT (263) 65
OP_MODULO (264) 68
OP_REL (265) 69
AFF (266) 19 20 53 88
CURLY_OPEN (267) 4 5 6 7 9 10 11 12 34 54
CURLY_CLOSE (268) 4 5 6 7 8 10 11 12 34 54
PAREN_OPEN (269) 35 36 37 38 55 56 57 58 71 72 73 74
PAREN_CLOSE (270) 35 36 37 38 55 56 57 58 71 72 73 74
SEMICOLON (271) 17 18 19 20 53 58 62 63 85 86 87 88
COMMA (272) 22 40 84
DOT (273) 70 71
COLON (274)
BRACKET_OPEN (275)
BRACKET_CLOSE (276)
INT_LITERAL (277) 75
FLOAT_LITERAL (278) 76
BOOLEAN_LITERAL (279) 77
CHAR_LITERAL (280) 78
STRING_LITERAL (281) 79
INT_TYPE (282) 27
FLOAT_TYPE (283) 28
BOOLEAN_TYPE (284) 29
CHAR_TYPE (285) 30
STRING_TYPE (286) 31
VOID_TYPE (287) 32
THIS_KEYWORD (288) 80
PUBLIC_KEYWORD (289) 23
PRIVATE_KEYWORD (290) 24
PROTECTED_KEYWORD (291) 25
STATIC_KEYWORD (292) 18 20 36 38
FINAL_KEYWORD (293)
ABSTRACT_KEYWORD (294)
CLASS_KEYWORD (295) 4 5 7 8 9 10 11 12
IF_KEYWORD (296) 55 56
ELSE_KEYWORD (297) 56
WHILE_KEYWORD (298) 57
FOR_KEYWORD (299) 58
RETURN_KEYWORD (300) 62 63
EXTENDS_KEYWORD (301) 10 12
IMPLEMENTS_KEYWORD (302) 11 12


Nonterminals, with rules where they appear

$accept (48)
    on left: 0
programme (49)
    on left: 1, on right: 0
class_list (50)
    on left: 2 3, on right: 1 2
class (51)
    on left: 4 5 6 7 8 9 10 11 12, on right: 2 3
class_body (52)
    on left: 13 14, on right: 5 6 7 8 9 10 11 12 13
class_member (53)
    on left: 15 16, on right: 13 14
field_declaration (54)
    on left: 17 18 19 20, on right: 15
id_list (55)
    on left: 21 22, on right: 11 12 17 18 22
access_modifier (56)
    on left: 23 24 25 26, on right: 17 18 19 20 35 36 37 38
type (57)
    on left: 27 28 29 30 31 32 33, on right: 17 18 19 20 35 36 37 38
    41 87 88
method_declaration (58)
    on left: 34, on right: 16
method_signature (59)
    on left: 35 36 37 38, on right: 34
parameter_list (60)
    on left: 39 40, on right: 35 36 40
parameter (61)
    on left: 41, on right: 39 40
method_body (62)
    on left: 42, on right: 34
statement_list (63)
    on left: 43 44, on right: 42 43 54
statement (64)
    on left: 45 46 47 48 49 50 51 52, on right: 43 44 55 56 57 58
assignment_statement (65)
    on left: 53, on right: 52
block (66)
    on left: 54, on right: 45
if_statement (67)
    on left: 55 56, on right: 46
while_statement (68)
    on left: 57, on right: 47
for_statement (69)
    on left: 58, on right: 48
for_init_statement (70)
    on left: 59 60, on right: 58
for_update_statement (71)
    on left: 61, on right: 58
return_statement (72)
    on left: 62 63, on right: 49
expression (73)
    on left: 64 65 66 67 68 69 70 71 72 73 74 75 76 77 78 79 80 81
    82, on right: 19 20 53 55 56 57 58 63 64 65 66 67 68 69 70 71 72
    73 74 83 84 86 88
argument_list (74)
    on left: 83 84, on right: 72 84
expression_statement (75)
    on left: 85 86, on right: 50 60 61
local_variable_declaration (76)
    on left: 87 88, on right: 51 59


state 0

    0 $accept: . programme $end

    error          shift, and go to state 1
    CLASS_KEYWORD  shift, and go to state 2

    programme   go to state 3
    class_list  go to state 4
    class       go to state 5


state 1

    6 class: error . ID CURLY_OPEN class_body CURLY_CLOSE

    ID  shift, and go to state 6


state 2

    4 class: CLASS_KEYWORD . ID CURLY_OPEN CURLY_CLOSE
    5      | CLASS_KEYWORD . ID CURLY_OPEN class_body CURLY_CLOSE
    7      | CLASS_KEYWORD . error CURLY_OPEN class_body CURLY_CLOSE
    8      | CLASS_KEYWORD . ID error class_body CURLY_CLOSE
    9      | CLASS_KEYWORD . ID CURLY_OPEN class_body error
   10      | CLASS_KEYWORD . ID EXTENDS_KEYWORD ID CURLY_OPEN class_body CURLY_CLOSE
   11      | CLASS_KEYWORD . ID IMPLEMENTS_KEYWORD id_list CURLY_OPEN class_body CURLY_CLOSE
   12      | CLASS_KEYWORD . ID EXTENDS_KEYWORD ID IMPLEMENTS_KEYWORD id_list CURLY_OPEN class_body CURLY_CLOSE

    error  shift, and go to state 7
    ID     shift, and go to state 8


state 3

    0 $accept: programme . $end

    $end  shift, and go to state 9


state 4

    1 programme: class_list .
    2 class_list: class_list . class

    error          shift, and go to state 1
    CLASS_KEYWORD  shift, and go to state 2

    $end  reduce using rule 1 (programme)

    class  go to state 10


state 5

    3 class_list: class .

    $default  reduce using rule 3 (class_list)


state 6

    6 class: error ID . CURLY_OPEN class_body CURLY_CLOSE

    CURLY_OPEN  shift, and go to state 11


state 7

    7 class: CLASS_KEYWORD error . CURLY_OPEN class_body CURLY_CLOSE

    CURLY_OPEN  shift, and go to state 12


state 8

    4 class: CLASS_KEYWORD ID . CURLY_OPEN CURLY_CLOSE
    5      | CLASS_KEYWORD ID . CURLY_OPEN class_body CURLY_CLOSE
    8      | CLASS_KEYWORD ID . error class_body CURLY_CLOSE
    9      | CLASS_KEYWORD ID . CURLY_OPEN class_body error
   10      | CLASS_KEYWORD ID . EXTENDS_KEYWORD ID CURLY_OPEN class_body CURLY_CLOSE
   11      | CLASS_KEYWORD ID . IMPLEMENTS_KEYWORD id_list CURLY_OPEN class_body CURLY_CLOSE
   12      | CLASS_KEYWORD ID . EXTENDS_KEYWORD ID IMPLEMENTS_KEYWORD id_list CURLY_OPEN class_body CURLY_CLOSE

    error               shift, and go to state 13
    CURLY_OPEN          shift, and go to state 14
    EXTENDS_KEYWORD     shift, and go to state 15
    IMPLEMENTS_KEYWORD  shift, and go to state 16


state 9

    0 $accept: programme $end .

    $default  accept


state 10

    2 class_list: class_list class .

    $default  reduce using rule 2 (class_list)


state 11

    6 class: error ID CURLY_OPEN . class_body CURLY_CLOSE

    PUBLIC_KEYWORD     shift, and go to state 17
    PRIVATE_KEYWORD    shift, and go to state 18
    PROTECTED_KEYWORD  shift, and go to state 19

    $default  reduce using rule 26 (access_modifier)

    class_body          go to state 20
    class_member        go to state 21
    field_declaration   go to state 22
    access_modifier     go to state 23
    method_declaration  go to state 24
    method_signature    go to state 25


state 12

    7 class: CLASS_KEYWORD error CURLY_OPEN . class_body CURLY_CLOSE

    PUBLIC_KEYWORD     shift, and go to state 17
    PRIVATE_KEYWORD    shift, and go to state 18
    PROTECTED_KEYWORD  shift, and go to state 19

    $default  reduce using rule 26 (access_modifier)

    class_body          go to state 26
    class_member        go to state 21
    field_declaration   go to state 22
    access_modifier     go to state 23
    method_declaration  go to state 24
    method_signature    go to state 25


state 13

    8 class: CLASS_KEYWORD ID error . class_body CURLY_CLOSE

    PUBLIC_KEYWORD     shift, and go to state 17
    PRIVATE_KEYWORD    shift, and go to state 18
    PROTECTED_KEYWORD  shift, and go to state 19

    $default  reduce using rule 26 (access_modifier)

    class_body          go to state 27
    class_member        go to state 21
    field_declaration   go to state 22
    access_modifier     go to state 23
    method_declaration  go to state 24
    method_signature    go to state 25


state 14

    4 class: CLASS_KEYWORD ID CURLY_OPEN . CURLY_CLOSE
    5      | CLASS_KEYWORD ID CURLY_OPEN . class_body CURLY_CLOSE
    9      | CLASS_KEYWORD ID CURLY_OPEN . class_body error

    CURLY_CLOSE        shift, and go to state 28
    PUBLIC_KEYWORD     shift, and go to state 17
    PRIVATE_KEYWORD    shift, and go to state 18
    PROTECTED_KEYWORD  shift, and go to state 19

    $default  reduce using rule 26 (access_modifier)

    class_body          go to state 29
    class_member        go to state 21
    field_declaration   go to state 22
    access_modifier     go to state 23
    method_declaration  go to state 24
    method_signature    go to state 25


state 15

   10 class: CLASS_KEYWORD ID EXTENDS_KEYWORD . ID CURLY_OPEN class_body CURLY_CLOSE
   12      | CLASS_KEYWORD ID EXTENDS_KEYWORD . ID IMPLEMENTS_KEYWORD id_list CURLY_OPEN class_body CURLY_CLOSE

    ID  shift, and go to state 30


state 16

   11 class: CLASS_KEYWORD ID IMPLEMENTS_KEYWORD . id_list CURLY_OPEN class_body CURLY_CLOSE

    ID  shift, and go to state 31

    id_list  go to state 32


state 17

   23 access_modifier: PUBLIC_KEYWORD .

    $default  reduce using rule 23 (access_modifier)


state 18

   24 access_modifier: PRIVATE_KEYWORD .

    $default  reduce using rule 24 (access_modifier)


state 19

   25 access_modifier: PROTECTED_KEYWORD .

    $default  reduce using rule 25 (access_modifier)


state 20

    6 class: error ID CURLY_OPEN class_body . CURLY_CLOSE
   13 class_body: class_body . class_member

    CURLY_CLOSE        shift, and go to state 33
    PUBLIC_KEYWORD     shift, and go to state 17
    PRIVATE_KEYWORD    shift, and go to state 18
    PROTECTED_KEYWORD  shift, and go to state 19

    $default  reduce using rule 26 (access_modifier)

    class_member        go to state 34
    field_declaration   go to state 22
    access_modifier     go to state 23
    method_declaration  go to state 24
    method_signature    go to state 25


state 21

   14 class_body: class_member .

    $default  reduce using rule 14 (class_body)


state 22

   15 class_member: field_declaration .

    $default  reduce using rule 15 (class_member)


state 23

   17 field_declaration: access_modifier . type id_list SEMICOLON
   18                  | access_modifier . STATIC_KEYWORD type id_list SEMICOLON
   19                  | access_modifier . type ID AFF expression SEMICOLON
   20                  | access_modifier . STATIC_KEYWORD type ID AFF expression SEMICOLON
   35 method_signature: access_modifier . type ID PAREN_OPEN parameter_list PAREN_CLOSE
   36                 | access_modifier . STATIC_KEYWORD type ID PAREN_OPEN parameter_list PAREN_CLOSE
   37                 | access_modifier . type ID PAREN_OPEN PAREN_CLOSE
   38                 | access_modifier . STATIC_KEYWORD type ID PAREN_OPEN PAREN_CLOSE

    ID              shift, and go to state 35
    INT_TYPE        shift, and go to state 36
    FLOAT_TYPE      shift, and go to state 37
    BOOLEAN_TYPE    shift, and go to state 38
    CHAR_TYPE       shift, and go to state 39
    STRING_TYPE     shift, and go to state 40
    VOID_TYPE       shift, and go to state 41
    STATIC_KEYWORD  shift, and go to state 42

    type  go to state 43


state 24

   16 class_member: method_declaration .

    $default  reduce using rule 16 (class_member)


state 25

   34 method_declaration: method_signature . CURLY_OPEN method_body CURLY_CLOSE

    CURLY_OPEN  shift, and go to state 44


state 26

    7 class: CLASS_KEYWORD error CURLY_OPEN class_body . CURLY_CLOSE
   13 class_body: class_body . class_member

    CURLY_CLOSE        shift, and go to state 45
    PUBLIC_KEYWORD     shift, and go to state 17
    PRIVATE_KEYWORD    shift, and go to state 18
    PROTECTED_KEYWORD  shift, and go to state 19

    $default  reduce using rule 26 (access_modifier)

    class_member        go to state 34
    field_declaration   go to state 22
    access_modifier     go to state 23
    method_declaration  go to state 24
    method_signature    go to state 25


state 27

    8 class: CLASS_KEYWORD ID error class_body . CURLY_CLOSE
   13 class_body: class_body . class_member

    CURLY_CLOSE        shift, and go to state 46
    PUBLIC_KEYWORD     shift, and go to state 17
    PRIVATE_KEYWORD    shift, and go to state 18
    PROTECTED_KEYWORD  shift, and go to state 19

    $default  reduce using rule 26 (access_modifier)

    class_member        go to state 34
    field_declaration   go to state 22
    access_modifier     go to state 23
    method_declaration  go to state 24
    method_signature    go to state 25


state 28

    4 class: CLASS_KEYWORD ID CURLY_OPEN CURLY_CLOSE .

    $default  reduce using rule 4 (class)


state 29

    5 class: CLASS_KEYWORD ID CURLY_OPEN class_body . CURLY_CLOSE
    9      | CLASS_KEYWORD ID CURLY_OPEN class_body . error
   13 class_body: class_body . class_member

    error              shift, and go to state 47
    CURLY_CLOSE        shift, and go to state 48
    PUBLIC_KEYWORD     shift, and go to state 17
    PRIVATE_KEYWORD    shift, and go to state 18
    PROTECTED_KEYWORD  shift, and go to state 19

    ID              reduce using rule 26 (access_modifier)
    INT_TYPE        reduce using rule 26 (access_modifier)
    FLOAT_TYPE      reduce using rule 26 (access_modifier)
    BOOLEAN_TYPE    reduce using rule 26 (access_modifier)
    CHAR_TYPE       reduce using rule 26 (access_modifier)
    STRING_TYPE     reduce using rule 26 (access_modifier)
    VOID_TYPE       reduce using rule 26 (access_modifier)
    STATIC_KEYWORD  reduce using rule 26 (access_modifier)

    class_member        go to state 34
    field_declaration   go to state 22
    access_modifier     go to state 23
    method_declaration  go to state 24
    method_signature    go to state 25


state 30

   10 class: CLASS_KEYWORD ID EXTENDS_KEYWORD ID . CURLY_OPEN class_body CURLY_CLOSE
   12      | CLASS_KEYWORD ID EXTENDS_KEYWORD ID . IMPLEMENTS_KEYWORD id_list CURLY_OPEN class_body CURLY_CLOSE

    CURLY_OPEN          shift, and go to state 49
    IMPLEMENTS_KEYWORD  shift, and go to state 50


state 31

   21 id_list: ID .

    $default  reduce using rule 21 (id_list)


state 32

   11 class: CLASS_KEYWORD ID IMPLEMENTS_KEYWORD id_list . CURLY_OPEN class_body CURLY_CLOSE
   22 id_list: id_list . COMMA ID

    CURLY_OPEN  shift, and go to state 51
    COMMA       shift, and go to state 52


state 33

    6 class: error ID CURLY_OPEN class_body CURLY_CLOSE .

    $default  reduce using rule 6 (class)


state 34

   13 class_body: class_body class_member .

    $default  reduce using rule 13 (class_body)


state 35

   33 type: ID .

    $default  reduce using rule 33 (type)


state 36

   27 type: INT_TYPE .

    $default  reduce using rule 27 (type)


state 37

   28 type: FLOAT_TYPE .

    $default  reduce using rule 28 (type)


state 38

   29 type: BOOLEAN_TYPE .

    $default  reduce using rule 29 (type)


state 39

   30 type: CHAR_TYPE .

    $default  reduce using rule 30 (type)


state 40

   31 type: STRING_TYPE .

    $default  reduce using rule 31 (type)


state 41

   32 type: VOID_TYPE .

    $default  reduce using rule 32 (type)


state 42

   18 field_declaration: access_modifier STATIC_KEYWORD . type id_list SEMICOLON
   20                  | access_modifier STATIC_KEYWORD . type ID AFF expression SEMICOLON
   36 method_signature: access_modifier STATIC_KEYWORD . type ID PAREN_OPEN parameter_list PAREN_CLOSE
   38                 | access_modifier STATIC_KEYWORD . type ID PAREN_OPEN PAREN_CLOSE

    ID            shift, and go to state 35
    INT_TYPE      shift, and go to state 36
    FLOAT_TYPE    shift, and go to state 37
    BOOLEAN_TYPE  shift, and go to state 38
    CHAR_TYPE     shift, and go to state 39
    STRING_TYPE   shift, and go to state 40
    VOID_TYPE     shift, and go to state 41

    type  go to state 53


state 43

   17 field_declaration: access_modifier type . id_list SEMICOLON
   19                  | access_modifier type . ID AFF expression SEMICOLON
   35 method_signature: access_modifier type . ID PAREN_OPEN parameter_list PAREN_CLOSE
   37                 | access_modifier type . ID PAREN_OPEN PAREN_CLOSE

    ID  shift, and go to state 54

    id_list  go to state 55


state 44

   34 method_declaration: method_signature CURLY_OPEN . method_body CURLY_CLOSE

    error            shift, and go to state 56
    ID               shift, and go to state 57
    CURLY_OPEN       shift, and go to state 58
    PAREN_OPEN       shift, and go to state 59
    SEMICOLON        shift, and go to state 60
    INT_LITERAL      shift, and go to state 61
    FLOAT_LITERAL    shift, and go to state 62
    BOOLEAN_LITERAL  shift, and go to state 63
    CHAR_LITERAL     shift, and go to state 64
    STRING_LITERAL   shift, and go to state 65
    INT_TYPE         shift, and go to state 36
    FLOAT_TYPE       shift, and go to state 37
    BOOLEAN_TYPE     shift, and go to state 38
    CHAR_TYPE        shift, and go to state 39
    STRING_TYPE      shift, and go to state 40
    VOID_TYPE        shift, and go to state 41
    THIS_KEYWORD     shift, and go to state 66
    IF_KEYWORD       shift, and go to state 67
    WHILE_KEYWORD    shift, and go to state 68
    FOR_KEYWORD      shift, and go to state 69
    RETURN_KEYWORD   shift, and go to state 70

    type                        go to state 71
    method_body                 go to state 72
    statement_list              go to state 73
    statement                   go to state 74
    assignment_statement        go to state 75
    block                       go to state 76
    if_statement                go to state 77
    while_statement             go to state 78
    for_statement               go to state 79
    return_statement            go to state 80
    expression                  go to state 81
    expression_statement        go to state 82
    local_variable_declaration  go to state 83


state 45

    7 class: CLASS_KEYWORD error CURLY_OPEN class_body CURLY_CLOSE .

    $default  reduce using rule 7 (class)


state 46

    8 class: CLASS_KEYWORD ID error class_body CURLY_CLOSE .

    $default  reduce using rule 8 (class)


state 47

    9 class: CLASS_KEYWORD ID CURLY_OPEN class_body error .

    $default  reduce using rule 9 (class)


state 48

    5 class: CLASS_KEYWORD ID CURLY_OPEN class_body CURLY_CLOSE .

    $default  reduce using rule 5 (class)


state 49

   10 class: CLASS_KEYWORD ID EXTENDS_KEYWORD ID CURLY_OPEN . class_body CURLY_CLOSE

    PUBLIC_KEYWORD     shift, and go to state 17
    PRIVATE_KEYWORD    shift, and go to state 18
    PROTECTED_KEYWORD  shift, and go to state 19

    $default  reduce using rule 26 (access_modifier)

    class_body          go to state 84
    class_member        go to state 21
    field_declaration   go to state 22
    access_modifier     go to state 23
    method_declaration  go to state 24
    method_signature    go to state 25


state 50

   12 class: CLASS_KEYWORD ID EXTENDS_KEYWORD ID IMPLEMENTS_KEYWORD . id_list CURLY_OPEN class_body CURLY_CLOSE

    ID  shift, and go to state 31

    id_list  go to state 85


state 51

   11 class: CLASS_KEYWORD ID IMPLEMENTS_KEYWORD id_list CURLY_OPEN . class_body CURLY_CLOSE

    PUBLIC_KEYWORD     shift, and go to state 17
    PRIVATE_KEYWORD    shift, and go to state 18
    PROTECTED_KEYWORD  shift, and go to state 19

    $default  reduce using rule 26 (access_modifier)

    class_body          go to state 86
    class_member        go to state 21
    field_declaration   go to state 22
    access_modifier     go to state 23
    method_declaration  go to state 24
    method_signature    go to state 25


state 52

   22 id_list: id_list COMMA . ID

    ID  shift, and go to state 87


state 53

   18 field_declaration: access_modifier STATIC_KEYWORD type . id_list SEMICOLON
   20                  | access_modifier STATIC_KEYWORD type . ID AFF expression SEMICOLON
   36 method_signature: access_modifier STATIC_KEYWORD type . ID PAREN_OPEN parameter_list PAREN_CLOSE
   38                 | access_modifier STATIC_KEYWORD type . ID PAREN_OPEN PAREN_CLOSE

    ID  shift, and go to state 88

    id_list  go to state 89


state 54

   19 field_declaration: access_modifier type ID . AFF expression SEMICOLON
   21 id_list: ID .
   35 method_signature: access_modifier type ID . PAREN_OPEN parameter_list PAREN_CLOSE
   37                 | access_modifier type ID . PAREN_OPEN PAREN_CLOSE

    AFF         shift, and go to state 90
    PAREN_OPEN  shift, and go to state 91

    $default  reduce using rule 21 (id_list)


state 55

   17 field_declaration: access_modifier type id_list . SEMICOLON
   22 id_list: id_list . COMMA ID

    SEMICOLON  shift, and go to state 92
    COMMA      shift, and go to state 52


state 56

   82 expression: error .

    $default  reduce using rule 82 (expression)


state 57

   33 type: ID .
   53 assignment_statement: ID . AFF expression SEMICOLON
   70 expression: ID . DOT expression
   81           | ID .

    AFF  shift, and go to state 93
    DOT  shift, and go to state 94

    ID        reduce using rule 33 (type)
    DOT       [reduce using rule 81 (expression)]
    $default  reduce using rule 81 (expression)


state 58

   54 block: CURLY_OPEN . statement_list CURLY_CLOSE

    error            shift, and go to state 56
    ID               shift, and go to state 57
    CURLY_OPEN       shift, and go to state 58
    PAREN_OPEN       shift, and go to state 59
    SEMICOLON        shift, and go to state 60
    INT_LITERAL      shift, and go to state 61
    FLOAT_LITERAL    shift, and go to state 62
    BOOLEAN_LITERAL  shift, and go to state 63
    CHAR_LITERAL     shift, and go to state 64
    STRING_LITERAL   shift, and go to state 65
    INT_TYPE         shift, and go to state 36
    FLOAT_TYPE       shift, and go to state 37
    BOOLEAN_TYPE     shift, and go to state 38
    CHAR_TYPE        shift, and go to state 39
    STRING_TYPE      shift, and go to state 40
    VOID_TYPE        shift, and go to state 41
    THIS_KEYWORD     shift, and go to state 66
    IF_KEYWORD       shift, and go to state 67
    WHILE_KEYWORD    shift, and go to state 68
    FOR_KEYWORD      shift, and go to state 69
    RETURN_KEYWORD   shift, and go to state 70

    type                        go to state 71
    statement_list              go to state 95
    statement                   go to state 74
    assignment_statement        go to state 75
    block                       go to state 76
    if_statement                go to state 77
    while_statement             go to state 78
    for_statement               go to state 79
    return_statement            go to state 80
    expression                  go to state 81
    expression_statement        go to state 82
    local_variable_declaration  go to state 83


state 59

   74 expression: PAREN_OPEN . expression PAREN_CLOSE

    error            shift, and go to state 56
    ID               shift, and go to state 96
    PAREN_OPEN       shift, and go to state 59
    INT_LITERAL      shift, and go to state 61
    FLOAT_LITERAL    shift, and go to state 62
    BOOLEAN_LITERAL  shift, and go to state 63
    CHAR_LITERAL     shift, and go to state 64
    STRING_LITERAL   shift, and go to state 65
    THIS_KEYWORD     shift, and go to state 66

    expression  go to state 97


state 60

   85 expression_statement: SEMICOLON .

    $default  reduce using rule 85 (expression_statement)


state 61

   75 expression: INT_LITERAL .

    $default  reduce using rule 75 (expression)


state 62

   76 expression: FLOAT_LITERAL .

    $default  reduce using rule 76 (expression)


state 63

   77 expression: BOOLEAN_LITERAL .

    $default  reduce using rule 77 (expression)


state 64

   78 expression: CHAR_LITERAL .

    $default  reduce using rule 78 (expression)


state 65

   79 expression: STRING_LITERAL .

    $default  reduce using rule 79 (expression)


state 66

   80 expression: THIS_KEYWORD .

    $default  reduce using rule 80 (expression)


state 67

   55 if_statement: IF_KEYWORD . PAREN_OPEN expression PAREN_CLOSE statement
   56             | IF_KEYWORD . PAREN_OPEN expression PAREN_CLOSE statement ELSE_KEYWORD statement

    PAREN_OPEN  shift, and go to state 98


state 68

   57 while_statement: WHILE_KEYWORD . PAREN_OPEN expression PAREN_CLOSE statement

    PAREN_OPEN  shift, and go to state 99


state 69

   58 for_statement: FOR_KEYWORD . PAREN_OPEN for_init_statement SEMICOLON expression SEMICOLON for_update_statement PAREN_CLOSE statement

    PAREN_OPEN  shift, and go to state 100


state 70

   62 return_statement: RETURN_KEYWORD . SEMICOLON
   63                 | RETURN_KEYWORD . expression SEMICOLON

    error            shift, and go to state 56
    ID               shift, and go to state 96
    PAREN_OPEN       shift, and go to state 59
    SEMICOLON        shift, and go to state 101
    INT_LITERAL      shift, and go to state 61
    FLOAT_LITERAL    shift, and go to state 62
    BOOLEAN_LITERAL  shift, and go to state 63
    CHAR_LITERAL     shift, and go to state 64
    STRING_LITERAL   shift, and go to state 65
    THIS_KEYWORD     shift, and go to state 66

    expression  go to state 102


state 71

   87 local_variable_declaration: type . ID SEMICOLON
   88                           | type . ID AFF expression SEMICOLON

    ID  shift, and go to state 103


state 72

   34 method_declaration: method_signature CURLY_OPEN method_body . CURLY_CLOSE

    CURLY_CLOSE  shift, and go to state 104


state 73

   42 method_body: statement_list .
   43 statement_list: statement_list . statement

    error            shift, and go to state 56
    ID               shift, and go to state 57
    CURLY_OPEN       shift, and go to state 58
    PAREN_OPEN       shift, and go to state 59
    SEMICOLON        shift, and go to state 60
    INT_LITERAL      shift, and go to state 61
    FLOAT_LITERAL    shift, and go to state 62
    BOOLEAN_LITERAL  shift, and go to state 63
    CHAR_LITERAL     shift, and go to state 64
    STRING_LITERAL   shift, and go to state 65
    INT_TYPE         shift, and go to state 36
    FLOAT_TYPE       shift, and go to state 37
    BOOLEAN_TYPE     shift, and go to state 38
    CHAR_TYPE        shift, and go to state 39
    STRING_TYPE      shift, and go to state 40
    VOID_TYPE        shift, and go to state 41
    THIS_KEYWORD     shift, and go to state 66
    IF_KEYWORD       shift, and go to state 67
    WHILE_KEYWORD    shift, and go to state 68
    FOR_KEYWORD      shift, and go to state 69
    RETURN_KEYWORD   shift, and go to state 70

    CURLY_CLOSE  reduce using rule 42 (method_body)

    type                        go to state 71
    statement                   go to state 105
    assignment_statement        go to state 75
    block                       go to state 76
    if_statement                go to state 77
    while_statement             go to state 78
    for_statement               go to state 79
    return_statement            go to state 80
    expression                  go to state 81
    expression_statement        go to state 82
    local_variable_declaration  go to state 83


state 74

   44 statement_list: statement .

    $default  reduce using rule 44 (statement_list)


state 75

   52 statement: assignment_statement .

    $default  reduce using rule 52 (statement)


state 76

   45 statement: block .

    $default  reduce using rule 45 (statement)


state 77

   46 statement: if_statement .

    $default  reduce using rule 46 (statement)


state 78

   47 statement: while_statement .

    $default  reduce using rule 47 (statement)


state 79

   48 statement: for_statement .

    $default  reduce using rule 48 (statement)


state 80

   49 statement: return_statement .

    $default  reduce using rule 49 (statement)


state 81

   64 expression: expression . OP_ADD expression
   65           | expression . OP_SUBTRACT expression
   66           | expression . OP_MULTIPLY expression
   67           | expression . OP_DIVIDE expression
   68           | expression . OP_MODULO expression
   69           | expression . OP_REL expression
   71           | expression . DOT ID PAREN_OPEN PAREN_CLOSE
   72           | expression . PAREN_OPEN argument_list PAREN_CLOSE
   73           | expression . PAREN_OPEN PAREN_CLOSE
   86 expression_statement: expression . SEMICOLON

    OP_MULTIPLY  shift, and go to state 106
    OP_DIVIDE    shift, and go to state 107
    OP_ADD       shift, and go to state 108
    OP_SUBTRACT  shift, and go to state 109
    OP_MODULO    shift, and go to state 110
    OP_REL       shift, and go to state 111
    PAREN_OPEN   shift, and go to state 112
    SEMICOLON    shift, and go to state 113
    DOT          shift, and go to state 114


state 82

   50 statement: expression_statement .

    $default  reduce using rule 50 (statement)


state 83

   51 statement: local_variable_declaration .

    $default  reduce using rule 51 (statement)


state 84

   10 class: CLASS_KEYWORD ID EXTENDS_KEYWORD ID CURLY_OPEN class_body . CURLY_CLOSE
   13 class_body: class_body . class_member

    CURLY_CLOSE        shift, and go to state 115
    PUBLIC_KEYWORD     shift, and go to state 17
    PRIVATE_KEYWORD    shift, and go to state 18
    PROTECTED_KEYWORD  shift, and go to state 19

    $default  reduce using rule 26 (access_modifier)

    class_member        go to state 34
    field_declaration   go to state 22
    access_modifier     go to state 23
    method_declaration  go to state 24
    method_signature    go to state 25


state 85

   12 class: CLASS_KEYWORD ID EXTENDS_KEYWORD ID IMPLEMENTS_KEYWORD id_list . CURLY_OPEN class_body CURLY_CLOSE
   22 id_list: id_list . COMMA ID

    CURLY_OPEN  shift, and go to state 116
    COMMA       shift, and go to state 52


state 86

   11 class: CLASS_KEYWORD ID IMPLEMENTS_KEYWORD id_list CURLY_OPEN class_body . CURLY_CLOSE
   13 class_body: class_body . class_member

    CURLY_CLOSE        shift, and go to state 117
    PUBLIC_KEYWORD     shift, and go to state 17
    PRIVATE_KEYWORD    shift, and go to state 18
    PROTECTED_KEYWORD  shift, and go to state 19

    $default  reduce using rule 26 (access_modifier)

    class_member        go to state 34
    field_declaration   go to state 22
    access_modifier     go to state 23
    method_declaration  go to state 24
    method_signature    go to state 25


state 87

   22 id_list: id_list COMMA ID .

    $default  reduce using rule 22 (id_list)


state 88

   20 field_declaration: access_modifier STATIC_KEYWORD type ID . AFF expression SEMICOLON
   21 id_list: ID .
   36 method_signature: access_modifier STATIC_KEYWORD type ID . PAREN_OPEN parameter_list PAREN_CLOSE
   38                 | access_modifier STATIC_KEYWORD type ID . PAREN_OPEN PAREN_CLOSE

    AFF         shift, and go to state 118
    PAREN_OPEN  shift, and go to state 119

    $default  reduce using rule 21 (id_list)


state 89

   18 field_declaration: access_modifier STATIC_KEYWORD type id_list . SEMICOLON
   22 id_list: id_list . COMMA ID

    SEMICOLON  shift, and go to state 120
    COMMA      shift, and go to state 52


state 90

   19 field_declaration: access_modifier type ID AFF . expression SEMICOLON

    error            shift, and go to state 56
    ID               shift, and go to state 96
    PAREN_OPEN       shift, and go to state 59
    INT_LITERAL      shift, and go to state 61
    FLOAT_LITERAL    shift, and go to state 62
    BOOLEAN_LITERAL  shift, and go to state 63
    CHAR_LITERAL     shift, and go to state 64
    STRING_LITERAL   shift, and go to state 65
    THIS_KEYWORD     shift, and go to state 66

    expression  go to state 121


state 91

   35 method_signature: access_modifier type ID PAREN_OPEN . parameter_list PAREN_CLOSE
   37                 | access_modifier type ID PAREN_OPEN . PAREN_CLOSE

    ID            shift, and go to state 35
    PAREN_CLOSE   shift, and go to state 122
    INT_TYPE      shift, and go to state 36
    FLOAT_TYPE    shift, and go to state 37
    BOOLEAN_TYPE  shift, and go to state 38
    CHAR_TYPE     shift, and go to state 39
    STRING_TYPE   shift, and go to state 40
    VOID_TYPE     shift, and go to state 41

    type            go to state 123
    parameter_list  go to state 124
    parameter       go to state 125


state 92

   17 field_declaration: access_modifier type id_list SEMICOLON .

    $default  reduce using rule 17 (field_declaration)


state 93

   53 assignment_statement: ID AFF . expression SEMICOLON

    error            shift, and go to state 56
    ID               shift, and go to state 96
    PAREN_OPEN       shift, and go to state 59
    INT_LITERAL      shift, and go to state 61
    FLOAT_LITERAL    shift, and go to state 62
    BOOLEAN_LITERAL  shift, and go to state 63
    CHAR_LITERAL     shift, and go to state 64
    STRING_LITERAL   shift, and go to state 65
    THIS_KEYWORD     shift, and go to state 66

    expression  go to state 126


state 94

   70 expression: ID DOT . expression

    error            shift, and go to state 56
    ID               shift, and go to state 96
    PAREN_OPEN       shift, and go to state 59
    INT_LITERAL      shift, and go to state 61
    FLOAT_LITERAL    shift, and go to state 62
    BOOLEAN_LITERAL  shift, and go to state 63
    CHAR_LITERAL     shift, and go to state 64
    STRING_LITERAL   shift, and go to state 65
    THIS_KEYWORD     shift, and go to state 66

    expression  go to state 127


state 95

   43 statement_list: statement_list . statement
   54 block: CURLY_OPEN statement_list . CURLY_CLOSE

    error            shift, and go to state 56
    ID               shift, and go to state 57
    CURLY_OPEN       shift, and go to state 58
    CURLY_CLOSE      shift, and go to state 128
    PAREN_OPEN       shift, and go to state 59
    SEMICOLON        shift, and go to state 60
    INT_LITERAL      shift, and go to state 61
    FLOAT_LITERAL    shift, and go to state 62
    BOOLEAN_LITERAL  shift, and go to state 63
    CHAR_LITERAL     shift, and go to state 64
    STRING_LITERAL   shift, and go to state 65
    INT_TYPE         shift, and go to state 36
    FLOAT_TYPE       shift, and go to state 37
    BOOLEAN_TYPE     shift, and go to state 38
    CHAR_TYPE        shift, and go to state 39
    STRING_TYPE      shift, and go to state 40
    VOID_TYPE        shift, and go to state 41
    THIS_KEYWORD     shift, and go to state 66
    IF_KEYWORD       shift, and go to state 67
    WHILE_KEYWORD    shift, and go to state 68
    FOR_KEYWORD      shift, and go to state 69
    RETURN_KEYWORD   shift, and go to state 70

    type                        go to state 71
    statement                   go to state 105
    assignment_statement        go to state 75
    block                       go to state 76
    if_statement                go to state 77
    while_statement             go to state 78
    for_statement               go to state 79
    return_statement            go to state 80
    expression                  go to state 81
    expression_statement        go to state 82
    local_variable_declaration  go to state 83


state 96

   70 expression: ID . DOT expression
   81           | ID .

    DOT  shift, and go to state 94

    DOT       [reduce using rule 81 (expression)]
    $default  reduce using rule 81 (expression)


state 97

   64 expression: expression . OP_ADD expression
   65           | expression . OP_SUBTRACT expression
   66           | expression . OP_MULTIPLY expression
   67           | expression . OP_DIVIDE expression
   68           | expression . OP_MODULO expression
   69           | expression . OP_REL expression
   71           | expression . DOT ID PAREN_OPEN PAREN_CLOSE
   72           | expression . PAREN_OPEN argument_list PAREN_CLOSE
   73           | expression . PAREN_OPEN PAREN_CLOSE
   74           | PAREN_OPEN expression . PAREN_CLOSE

    OP_MULTIPLY  shift, and go to state 106
    OP_DIVIDE    shift, and go to state 107
    OP_ADD       shift, and go to state 108
    OP_SUBTRACT  shift, and go to state 109
    OP_MODULO    shift, and go to state 110
    OP_REL       shift, and go to state 111
    PAREN_OPEN   shift, and go to state 112
    PAREN_CLOSE  shift, and go to state 129
    DOT          shift, and go to state 114


state 98

   55 if_statement: IF_KEYWORD PAREN_OPEN . expression PAREN_CLOSE statement
   56             | IF_KEYWORD PAREN_OPEN . expression PAREN_CLOSE statement ELSE_KEYWORD statement

    error            shift, and go to state 56
    ID               shift, and go to state 96
    PAREN_OPEN       shift, and go to state 59
    INT_LITERAL      shift, and go to state 61
    FLOAT_LITERAL    shift, and go to state 62
    BOOLEAN_LITERAL  shift, and go to state 63
    CHAR_LITERAL     shift, and go to state 64
    STRING_LITERAL   shift, and go to state 65
    THIS_KEYWORD     shift, and go to state 66

    expression  go to state 130


state 99

   57 while_statement: WHILE_KEYWORD PAREN_OPEN . expression PAREN_CLOSE statement

    error            shift, and go to state 56
    ID               shift, and go to state 96
    PAREN_OPEN       shift, and go to state 59
    INT_LITERAL      shift, and go to state 61
    FLOAT_LITERAL    shift, and go to state 62
    BOOLEAN_LITERAL  shift, and go to state 63
    CHAR_LITERAL     shift, and go to state 64
    STRING_LITERAL   shift, and go to state 65
    THIS_KEYWORD     shift, and go to state 66

    expression  go to state 131


state 100

   58 for_statement: FOR_KEYWORD PAREN_OPEN . for_init_statement SEMICOLON expression SEMICOLON for_update_statement PAREN_CLOSE statement

    error            shift, and go to state 56
    ID               shift, and go to state 132
    PAREN_OPEN       shift, and go to state 59
    SEMICOLON        shift, and go to state 60
    INT_LITERAL      shift, and go to state 61
    FLOAT_LITERAL    shift, and go to state 62
    BOOLEAN_LITERAL  shift, and go to state 63
    CHAR_LITERAL     shift, and go to state 64
    STRING_LITERAL   shift, and go to state 65
    INT_TYPE         shift, and go to state 36
    FLOAT_TYPE       shift, and go to state 37
    BOOLEAN_TYPE     shift, and go to state 38
    CHAR_TYPE        shift, and go to state 39
    STRING_TYPE      shift, and go to state 40
    VOID_TYPE        shift, and go to state 41
    THIS_KEYWORD     shift, and go to state 66

    type                        go to state 71
    for_init_statement          go to state 133
    expression                  go to state 81
    expression_statement        go to state 134
    local_variable_declaration  go to state 135


state 101

   62 return_statement: RETURN_KEYWORD SEMICOLON .

    $default  reduce using rule 62 (return_statement)


state 102

   63 return_statement: RETURN_KEYWORD expression . SEMICOLON
   64 expression: expression . OP_ADD expression
   65           | expression . OP_SUBTRACT expression
   66           | expression . OP_MULTIPLY expression
   67           | expression . OP_DIVIDE expression
   68           | expression . OP_MODULO expression
   69           | expression . OP_REL expression
   71           | expression . DOT ID PAREN_OPEN PAREN_CLOSE
   72           | expression . PAREN_OPEN argument_list PAREN_CLOSE
   73           | expression . PAREN_OPEN PAREN_CLOSE

    OP_MULTIPLY  shift, and go to state 106
    OP_DIVIDE    shift, and go to state 107
    OP_ADD       shift, and go to state 108
    OP_SUBTRACT  shift, and go to state 109
    OP_MODULO    shift, and go to state 110
    OP_REL       shift, and go to state 111
    PAREN_OPEN   shift, and go to state 112
    SEMICOLON    shift, and go to state 136
    DOT          shift, and go to state 114


state 103

   87 local_variable_declaration: type ID . SEMICOLON
   88                           | type ID . AFF expression SEMICOLON

    AFF        shift, and go to state 137
    SEMICOLON  shift, and go to state 138


state 104

   34 method_declaration: method_signature CURLY_OPEN method_body CURLY_CLOSE .

    $default  reduce using rule 34 (method_declaration)


state 105

   43 statement_list: statement_list statement .

    $default  reduce using rule 43 (statement_list)


state 106

   66 expression: expression OP_MULTIPLY . expression

    error            shift, and go to state 56
    ID               shift, and go to state 96
    PAREN_OPEN       shift, and go to state 59
    INT_LITERAL      shift, and go to state 61
    FLOAT_LITERAL    shift, and go to state 62
    BOOLEAN_LITERAL  shift, and go to state 63
    CHAR_LITERAL     shift, and go to state 64
    STRING_LITERAL   shift, and go to state 65
    THIS_KEYWORD     shift, and go to state 66

    expression  go to state 139


state 107

   67 expression: expression OP_DIVIDE . expression

    error            shift, and go to state 56
    ID               shift, and go to state 96
    PAREN_OPEN       shift, and go to state 59
    INT_LITERAL      shift, and go to state 61
    FLOAT_LITERAL    shift, and go to state 62
    BOOLEAN_LITERAL  shift, and go to state 63
    CHAR_LITERAL     shift, and go to state 64
    STRING_LITERAL   shift, and go to state 65
    THIS_KEYWORD     shift, and go to state 66

    expression  go to state 140


state 108

   64 expression: expression OP_ADD . expression

    error            shift, and go to state 56
    ID               shift, and go to state 96
    PAREN_OPEN       shift, and go to state 59
    INT_LITERAL      shift, and go to state 61
    FLOAT_LITERAL    shift, and go to state 62
    BOOLEAN_LITERAL  shift, and go to state 63
    CHAR_LITERAL     shift, and go to state 64
    STRING_LITERAL   shift, and go to state 65
    THIS_KEYWORD     shift, and go to state 66

    expression  go to state 141


state 109

   65 expression: expression OP_SUBTRACT . expression

    error            shift, and go to state 56
    ID               shift, and go to state 96
    PAREN_OPEN       shift, and go to state 59
    INT_LITERAL      shift, and go to state 61
    FLOAT_LITERAL    shift, and go to state 62
    BOOLEAN_LITERAL  shift, and go to state 63
    CHAR_LITERAL     shift, and go to state 64
    STRING_LITERAL   shift, and go to state 65
    THIS_KEYWORD     shift, and go to state 66

    expression  go to state 142


state 110

   68 expression: expression OP_MODULO . expression

    error            shift, and go to state 56
    ID               shift, and go to state 96
    PAREN_OPEN       shift, and go to state 59
    INT_LITERAL      shift, and go to state 61
    FLOAT_LITERAL    shift, and go to state 62
    BOOLEAN_LITERAL  shift, and go to state 63
    CHAR_LITERAL     shift, and go to state 64
    STRING_LITERAL   shift, and go to state 65
    THIS_KEYWORD     shift, and go to state 66

    expression  go to state 143


state 111

   69 expression: expression OP_REL . expression

    error            shift, and go to state 56
    ID               shift, and go to state 96
    PAREN_OPEN       shift, and go to state 59
    INT_LITERAL      shift, and go to state 61
    FLOAT_LITERAL    shift, and go to state 62
    BOOLEAN_LITERAL  shift, and go to state 63
    CHAR_LITERAL     shift, and go to state 64
    STRING_LITERAL   shift, and go to state 65
    THIS_KEYWORD     shift, and go to state 66

    expression  go to state 144


state 112

   72 expression: expression PAREN_OPEN . argument_list PAREN_CLOSE
   73           | expression PAREN_OPEN . PAREN_CLOSE

    error            shift, and go to state 56
    ID               shift, and go to state 96
    PAREN_OPEN       shift, and go to state 59
    PAREN_CLOSE      shift, and go to state 145
    INT_LITERAL      shift, and go to state 61
    FLOAT_LITERAL    shift, and go to state 62
    BOOLEAN_LITERAL  shift, and go to state 63
    CHAR_LITERAL     shift, and go to state 64
    STRING_LITERAL   shift, and go to state 65
    THIS_KEYWORD     shift, and go to state 66

    expression     go to state 146
    argument_list  go to state 147


state 113

   86 expression_statement: expression SEMICOLON .

    $default  reduce using rule 86 (expression_statement)


state 114

   71 expression: expression DOT . ID PAREN_OPEN PAREN_CLOSE

    ID  shift, and go to state 148


state 115

   10 class: CLASS_KEYWORD ID EXTENDS_KEYWORD ID CURLY_OPEN class_body CURLY_CLOSE .

    $default  reduce using rule 10 (class)


state 116

   12 class: CLASS_KEYWORD ID EXTENDS_KEYWORD ID IMPLEMENTS_KEYWORD id_list CURLY_OPEN . class_body CURLY_CLOSE

    PUBLIC_KEYWORD     shift, and go to state 17
    PRIVATE_KEYWORD    shift, and go to state 18
    PROTECTED_KEYWORD  shift, and go to state 19

    $default  reduce using rule 26 (access_modifier)

    class_body          go to state 149
    class_member        go to state 21
    field_declaration   go to state 22
    access_modifier     go to state 23
    method_declaration  go to state 24
    method_signature    go to state 25


state 117

   11 class: CLASS_KEYWORD ID IMPLEMENTS_KEYWORD id_list CURLY_OPEN class_body CURLY_CLOSE .

    $default  reduce using rule 11 (class)


state 118

   20 field_declaration: access_modifier STATIC_KEYWORD type ID AFF . expression SEMICOLON

    error            shift, and go to state 56
    ID               shift, and go to state 96
    PAREN_OPEN       shift, and go to state 59
    INT_LITERAL      shift, and go to state 61
    FLOAT_LITERAL    shift, and go to state 62
    BOOLEAN_LITERAL  shift, and go to state 63
    CHAR_LITERAL     shift, and go to state 64
    STRING_LITERAL   shift, and go to state 65
    THIS_KEYWORD     shift, and go to state 66

    expression  go to state 150


state 119

   36 method_signature: access_modifier STATIC_KEYWORD type ID PAREN_OPEN . parameter_list PAREN_CLOSE
   38                 | access_modifier STATIC_KEYWORD type ID PAREN_OPEN . PAREN_CLOSE

    ID            shift, and go to state 35
    PAREN_CLOSE   shift, and go to state 151
    INT_TYPE      shift, and go to state 36
    FLOAT_TYPE    shift, and go to state 37
    BOOLEAN_TYPE  shift, and go to state 38
    CHAR_TYPE     shift, and go to state 39
    STRING_TYPE   shift, and go to state 40
    VOID_TYPE     shift, and go to state 41

    type            go to state 123
    parameter_list  go to state 152
    parameter       go to state 125


state 120

   18 field_declaration: access_modifier STATIC_KEYWORD type id_list SEMICOLON .

    $default  reduce using rule 18 (field_declaration)


state 121

   19 field_declaration: access_modifier type ID AFF expression . SEMICOLON
   64 expression: expression . OP_ADD expression
   65           | expression . OP_SUBTRACT expression
   66           | expression . OP_MULTIPLY expression
   67           | expression . OP_DIVIDE expression
   68           | expression . OP_MODULO expression
   69           | expression . OP_REL expression
   71           | expression . DOT ID PAREN_OPEN PAREN_CLOSE
   72           | expression . PAREN_OPEN argument_list PAREN_CLOSE
   73           | expression . PAREN_OPEN PAREN_CLOSE

    OP_MULTIPLY  shift, and go to state 106
    OP_DIVIDE    shift, and go to state 107
    OP_ADD       shift, and go to state 108
    OP_SUBTRACT  shift, and go to state 109
    OP_MODULO    shift, and go to state 110
    OP_REL       shift, and go to state 111
    PAREN_OPEN   shift, and go to state 112
    SEMICOLON    shift, and go to state 153
    DOT          shift, and go to state 114


state 122

   37 method_signature: access_modifier type ID PAREN_OPEN PAREN_CLOSE .

    $default  reduce using rule 37 (method_signature)


state 123

   41 parameter: type . ID

    ID  shift, and go to state 154


state 124

   35 method_signature: access_modifier type ID PAREN_OPEN parameter_list . PAREN_CLOSE
   40 parameter_list: parameter_list . COMMA parameter

    PAREN_CLOSE  shift, and go to state 155
    COMMA        shift, and go to state 156


state 125

   39 parameter_list: parameter .

    $default  reduce using rule 39 (parameter_list)


state 126

   53 assignment_statement: ID AFF expression . SEMICOLON
   64 expression: expression . OP_ADD expression
   65           | expression . OP_SUBTRACT expression
   66           | expression . OP_MULTIPLY expression
   67           | expression . OP_DIVIDE expression
   68           | expression . OP_MODULO expression
   69           | expression . OP_REL expression
   71           | expression . DOT ID PAREN_OPEN PAREN_CLOSE
   72           | expression . PAREN_OPEN argument_list PAREN_CLOSE
   73           | expression . PAREN_OPEN PAREN_CLOSE

    OP_MULTIPLY  shift, and go to state 106
    OP_DIVIDE    shift, and go to state 107
    OP_ADD       shift, and go to state 108
    OP_SUBTRACT  shift, and go to state 109
    OP_MODULO    shift, and go to state 110
    OP_REL       shift, and go to state 111
    PAREN_OPEN   shift, and go to state 112
    SEMICOLON    shift, and go to state 157
    DOT          shift, and go to state 114


state 127

   64 expression: expression . OP_ADD expression
   65           | expression . OP_SUBTRACT expression
   66           | expression . OP_MULTIPLY expression
   67           | expression . OP_DIVIDE expression
   68           | expression . OP_MODULO expression
   69           | expression . OP_REL expression
   70           | ID DOT expression .
   71           | expression . DOT ID PAREN_OPEN PAREN_CLOSE
   72           | expression . PAREN_OPEN argument_list PAREN_CLOSE
   73           | expression . PAREN_OPEN PAREN_CLOSE

    OP_MULTIPLY  shift, and go to state 106
    OP_DIVIDE    shift, and go to state 107
    OP_ADD       shift, and go to state 108
    OP_SUBTRACT  shift, and go to state 109
    OP_MODULO    shift, and go to state 110
    OP_REL       shift, and go to state 111
    PAREN_OPEN   shift, and go to state 112
    DOT          shift, and go to state 114

    OP_MULTIPLY  [reduce using rule 70 (expression)]
    OP_DIVIDE    [reduce using rule 70 (expression)]
    OP_ADD       [reduce using rule 70 (expression)]
    OP_SUBTRACT  [reduce using rule 70 (expression)]
    OP_MODULO    [reduce using rule 70 (expression)]
    OP_REL       [reduce using rule 70 (expression)]
    PAREN_OPEN   [reduce using rule 70 (expression)]
    DOT          [reduce using rule 70 (expression)]
    $default     reduce using rule 70 (expression)


state 128

   54 block: CURLY_OPEN statement_list CURLY_CLOSE .

    $default  reduce using rule 54 (block)


state 129

   74 expression: PAREN_OPEN expression PAREN_CLOSE .

    $default  reduce using rule 74 (expression)


state 130

   55 if_statement: IF_KEYWORD PAREN_OPEN expression . PAREN_CLOSE statement
   56             | IF_KEYWORD PAREN_OPEN expression . PAREN_CLOSE statement ELSE_KEYWORD statement
   64 expression: expression . OP_ADD expression
   65           | expression . OP_SUBTRACT expression
   66           | expression . OP_MULTIPLY expression
   67           | expression . OP_DIVIDE expression
   68           | expression . OP_MODULO expression
   69           | expression . OP_REL expression
   71           | expression . DOT ID PAREN_OPEN PAREN_CLOSE
   72           | expression . PAREN_OPEN argument_list PAREN_CLOSE
   73           | expression . PAREN_OPEN PAREN_CLOSE

    OP_MULTIPLY  shift, and go to state 106
    OP_DIVIDE    shift, and go to state 107
    OP_ADD       shift, and go to state 108
    OP_SUBTRACT  shift, and go to state 109
    OP_MODULO    shift, and go to state 110
    OP_REL       shift, and go to state 111
    PAREN_OPEN   shift, and go to state 112
    PAREN_CLOSE  shift, and go to state 158
    DOT          shift, and go to state 114


state 131

   57 while_statement: WHILE_KEYWORD PAREN_OPEN expression . PAREN_CLOSE statement
   64 expression: expression . OP_ADD expression
   65           | expression . OP_SUBTRACT expression
   66           | expression . OP_MULTIPLY expression
   67           | expression . OP_DIVIDE expression
   68           | expression . OP_MODULO expression
   69           | expression . OP_REL expression
   71           | expression . DOT ID PAREN_OPEN PAREN_CLOSE
   72           | expression . PAREN_OPEN argument_list PAREN_CLOSE
   73           | expression . PAREN_OPEN PAREN_CLOSE

    OP_MULTIPLY  shift, and go to state 106
    OP_DIVIDE    shift, and go to state 107
    OP_ADD       shift, and go to state 108
    OP_SUBTRACT  shift, and go to state 109
    OP_MODULO    shift, and go to state 110
    OP_REL       shift, and go to state 111
    PAREN_OPEN   shift, and go to state 112
    PAREN_CLOSE  shift, and go to state 159
    DOT          shift, and go to state 114


state 132

   33 type: ID .
   70 expression: ID . DOT expression
   81           | ID .

    DOT  shift, and go to state 94

    ID        reduce using rule 33 (type)
    DOT       [reduce using rule 81 (expression)]
    $default  reduce using rule 81 (expression)


state 133

   58 for_statement: FOR_KEYWORD PAREN_OPEN for_init_statement . SEMICOLON expression SEMICOLON for_update_statement PAREN_CLOSE statement

    SEMICOLON  shift, and go to state 160


state 134

   60 for_init_statement: expression_statement .

    $default  reduce using rule 60 (for_init_statement)


state 135

   59 for_init_statement: local_variable_declaration .

    $default  reduce using rule 59 (for_init_statement)


state 136

   63 return_statement: RETURN_KEYWORD expression SEMICOLON .

    $default  reduce using rule 63 (return_statement)


state 137

   88 local_variable_declaration: type ID AFF . expression SEMICOLON

    error            shift, and go to state 56
    ID               shift, and go to state 96
    PAREN_OPEN       shift, and go to state 59
    INT_LITERAL      shift, and go to state 61
    FLOAT_LITERAL    shift, and go to state 62
    BOOLEAN_LITERAL  shift, and go to state 63
    CHAR_LITERAL     shift, and go to state 64
    STRING_LITERAL   shift, and go to state 65
    THIS_KEYWORD     shift, and go to state 66

    expression  go to state 161


state 138

   87 local_variable_declaration: type ID SEMICOLON .

    $default  reduce using rule 87 (local_variable_declaration)


state 139

   64 expression: expression . OP_ADD expression
   65           | expression . OP_SUBTRACT expression
   66           | expression . OP_MULTIPLY expression
   66           | expression OP_MULTIPLY expression .
   67           | expression . OP_DIVIDE expression
   68           | expression . OP_MODULO expression
   69           | expression . OP_REL expression
   71           | expression . DOT ID PAREN_OPEN PAREN_CLOSE
   72           | expression . PAREN_OPEN argument_list PAREN_CLOSE
   73           | expression . PAREN_OPEN PAREN_CLOSE

    OP_MULTIPLY  shift, and go to state 106
    OP_DIVIDE    shift, and go to state 107
    OP_ADD       shift, and go to state 108
    OP_SUBTRACT  shift, and go to state 109
    OP_MODULO    shift, and go to state 110
    OP_REL       shift, and go to state 111
    PAREN_OPEN   shift, and go to state 112
    DOT          shift, and go to state 114

    OP_MULTIPLY  [reduce using rule 66 (expression)]
    OP_DIVIDE    [reduce using rule 66 (expression)]
    OP_ADD       [reduce using rule 66 (expression)]
    OP_SUBTRACT  [reduce using rule 66 (expression)]
    OP_MODULO    [reduce using rule 66 (expression)]
    OP_REL       [reduce using rule 66 (expression)]
    PAREN_OPEN   [reduce using rule 66 (expression)]
    DOT          [reduce using rule 66 (expression)]
    $default     reduce using rule 66 (expression)


state 140

   64 expression: expression . OP_ADD expression
   65           | expression . OP_SUBTRACT expression
   66           | expression . OP_MULTIPLY expression
   67           | expression . OP_DIVIDE expression
   67           | expression OP_DIVIDE expression .
   68           | expression . OP_MODULO expression
   69           | expression . OP_REL expression
   71           | expression . DOT ID PAREN_OPEN PAREN_CLOSE
   72           | expression . PAREN_OPEN argument_list PAREN_CLOSE
   73           | expression . PAREN_OPEN PAREN_CLOSE

    OP_MULTIPLY  shift, and go to state 106
    OP_DIVIDE    shift, and go to state 107
    OP_ADD       shift, and go to state 108
    OP_SUBTRACT  shift, and go to state 109
    OP_MODULO    shift, and go to state 110
    OP_REL       shift, and go to state 111
    PAREN_OPEN   shift, and go to state 112
    DOT          shift, and go to state 114

    OP_MULTIPLY  [reduce using rule 67 (expression)]
    OP_DIVIDE    [reduce using rule 67 (expression)]
    OP_ADD       [reduce using rule 67 (expression)]
    OP_SUBTRACT  [reduce using rule 67 (expression)]
    OP_MODULO    [reduce using rule 67 (expression)]
    OP_REL       [reduce using rule 67 (expression)]
    PAREN_OPEN   [reduce using rule 67 (expression)]
    DOT          [reduce using rule 67 (expression)]
    $default     reduce using rule 67 (expression)


state 141

   64 expression: expression . OP_ADD expression
   64           | expression OP_ADD expression .
   65           | expression . OP_SUBTRACT expression
   66           | expression . OP_MULTIPLY expression
   67           | expression . OP_DIVIDE expression
   68           | expression . OP_MODULO expression
   69           | expression . OP_REL expression
   71           | expression . DOT ID PAREN_OPEN PAREN_CLOSE
   72           | expression . PAREN_OPEN argument_list PAREN_CLOSE
   73           | expression . PAREN_OPEN PAREN_CLOSE

    OP_MULTIPLY  shift, and go to state 106
    OP_DIVIDE    shift, and go to state 107
    OP_ADD       shift, and go to state 108
    OP_SUBTRACT  shift, and go to state 109
    OP_MODULO    shift, and go to state 110
    OP_REL       shift, and go to state 111
    PAREN_OPEN   shift, and go to state 112
    DOT          shift, and go to state 114

    OP_MULTIPLY  [reduce using rule 64 (expression)]
    OP_DIVIDE    [reduce using rule 64 (expression)]
    OP_ADD       [reduce using rule 64 (expression)]
    OP_SUBTRACT  [reduce using rule 64 (expression)]
    OP_MODULO    [reduce using rule 64 (expression)]
    OP_REL       [reduce using rule 64 (expression)]
    PAREN_OPEN   [reduce using rule 64 (expression)]
    DOT          [reduce using rule 64 (expression)]
    $default     reduce using rule 64 (expression)


state 142

   64 expression: expression . OP_ADD expression
   65           | expression . OP_SUBTRACT expression
   65           | expression OP_SUBTRACT expression .
   66           | expression . OP_MULTIPLY expression
   67           | expression . OP_DIVIDE expression
   68           | expression . OP_MODULO expression
   69           | expression . OP_REL expression
   71           | expression . DOT ID PAREN_OPEN PAREN_CLOSE
   72           | expression . PAREN_OPEN argument_list PAREN_CLOSE
   73           | expression . PAREN_OPEN PAREN_CLOSE

    OP_MULTIPLY  shift, and go to state 106
    OP_DIVIDE    shift, and go to state 107
    OP_ADD       shift, and go to state 108
    OP_SUBTRACT  shift, and go to state 109
    OP_MODULO    shift, and go to state 110
    OP_REL       shift, and go to state 111
    PAREN_OPEN   shift, and go to state 112
    DOT          shift, and go to state 114

    OP_MULTIPLY  [reduce using rule 65 (expression)]
    OP_DIVIDE    [reduce using rule 65 (expression)]
    OP_ADD       [reduce using rule 65 (expression)]
    OP_SUBTRACT  [reduce using rule 65 (expression)]
    OP_MODULO    [reduce using rule 65 (expression)]
    OP_REL       [reduce using rule 65 (expression)]
    PAREN_OPEN   [reduce using rule 65 (expression)]
    DOT          [reduce using rule 65 (expression)]
    $default     reduce using rule 65 (expression)


state 143

   64 expression: expression . OP_ADD expression
   65           | expression . OP_SUBTRACT expression
   66           | expression . OP_MULTIPLY expression
   67           | expression . OP_DIVIDE expression
   68           | expression . OP_MODULO expression
   68           | expression OP_MODULO expression .
   69           | expression . OP_REL expression
   71           | expression . DOT ID PAREN_OPEN PAREN_CLOSE
   72           | expression . PAREN_OPEN argument_list PAREN_CLOSE
   73           | expression . PAREN_OPEN PAREN_CLOSE

    OP_MULTIPLY  shift, and go to state 106
    OP_DIVIDE    shift, and go to state 107
    OP_ADD       shift, and go to state 108
    OP_SUBTRACT  shift, and go to state 109
    OP_MODULO    shift, and go to state 110
    OP_REL       shift, and go to state 111
    PAREN_OPEN   shift, and go to state 112
    DOT          shift, and go to state 114

    OP_MULTIPLY  [reduce using rule 68 (expression)]
    OP_DIVIDE    [reduce using rule 68 (expression)]
    OP_ADD       [reduce using rule 68 (expression)]
    OP_SUBTRACT  [reduce using rule 68 (expression)]
    OP_MODULO    [reduce using rule 68 (expression)]
    OP_REL       [reduce using rule 68 (expression)]
    PAREN_OPEN   [reduce using rule 68 (expression)]
    DOT          [reduce using rule 68 (expression)]
    $default     reduce using rule 68 (expression)


state 144

   64 expression: expression . OP_ADD expression
   65           | expression . OP_SUBTRACT expression
   66           | expression . OP_MULTIPLY expression
   67           | expression . OP_DIVIDE expression
   68           | expression . OP_MODULO expression
   69           | expression . OP_REL expression
   69           | expression OP_REL expression .
   71           | expression . DOT ID PAREN_OPEN PAREN_CLOSE
   72           | expression . PAREN_OPEN argument_list PAREN_CLOSE
   73           | expression . PAREN_OPEN PAREN_CLOSE

    OP_MULTIPLY  shift, and go to state 106
    OP_DIVIDE    shift, and go to state 107
    OP_ADD       shift, and go to state 108
    OP_SUBTRACT  shift, and go to state 109
    OP_MODULO    shift, and go to state 110
    OP_REL       shift, and go to state 111
    PAREN_OPEN   shift, and go to state 112
    DOT          shift, and go to state 114

    OP_MULTIPLY  [reduce using rule 69 (expression)]
    OP_DIVIDE    [reduce using rule 69 (expression)]
    OP_ADD       [reduce using rule 69 (expression)]
    OP_SUBTRACT  [reduce using rule 69 (expression)]
    OP_MODULO    [reduce using rule 69 (expression)]
    OP_REL       [reduce using rule 69 (expression)]
    PAREN_OPEN   [reduce using rule 69 (expression)]
    DOT          [reduce using rule 69 (expression)]
    $default     reduce using rule 69 (expression)


state 145

   73 expression: expression PAREN_OPEN PAREN_CLOSE .

    $default  reduce using rule 73 (expression)


state 146

   64 expression: expression . OP_ADD expression
   65           | expression . OP_SUBTRACT expression
   66           | expression . OP_MULTIPLY expression
   67           | expression . OP_DIVIDE expression
   68           | expression . OP_MODULO expression
   69           | expression . OP_REL expression
   71           | expression . DOT ID PAREN_OPEN PAREN_CLOSE
   72           | expression . PAREN_OPEN argument_list PAREN_CLOSE
   73           | expression . PAREN_OPEN PAREN_CLOSE
   83 argument_list: expression .

    OP_MULTIPLY  shift, and go to state 106
    OP_DIVIDE    shift, and go to state 107
    OP_ADD       shift, and go to state 108
    OP_SUBTRACT  shift, and go to state 109
    OP_MODULO    shift, and go to state 110
    OP_REL       shift, and go to state 111
    PAREN_OPEN   shift, and go to state 112
    DOT          shift, and go to state 114

    $default  reduce using rule 83 (argument_list)


state 147

   72 expression: expression PAREN_OPEN argument_list . PAREN_CLOSE
   84 argument_list: argument_list . COMMA expression

    PAREN_CLOSE  shift, and go to state 162
    COMMA        shift, and go to state 163


state 148

   71 expression: expression DOT ID . PAREN_OPEN PAREN_CLOSE

    PAREN_OPEN  shift, and go to state 164


state 149

   12 class: CLASS_KEYWORD ID EXTENDS_KEYWORD ID IMPLEMENTS_KEYWORD id_list CURLY_OPEN class_body . CURLY_CLOSE
   13 class_body: class_body . class_member

    CURLY_CLOSE        shift, and go to state 165
    PUBLIC_KEYWORD     shift, and go to state 17
    PRIVATE_KEYWORD    shift, and go to state 18
    PROTECTED_KEYWORD  shift, and go to state 19

    $default  reduce using rule 26 (access_modifier)

    class_member        go to state 34
    field_declaration   go to state 22
    access_modifier     go to state 23
    method_declaration  go to state 24
    method_signature    go to state 25


state 150

   20 field_declaration: access_modifier STATIC_KEYWORD type ID AFF expression . SEMICOLON
   64 expression: expression . OP_ADD expression
   65           | expression . OP_SUBTRACT expression
   66           | expression . OP_MULTIPLY expression
   67           | expression . OP_DIVIDE expression
   68           | expression . OP_MODULO expression
   69           | expression . OP_REL expression
   71           | expression . DOT ID PAREN_OPEN PAREN_CLOSE
   72           | expression . PAREN_OPEN argument_list PAREN_CLOSE
   73           | expression . PAREN_OPEN PAREN_CLOSE

    OP_MULTIPLY  shift, and go to state 106
    OP_DIVIDE    shift, and go to state 107
    OP_ADD       shift, and go to state 108
    OP_SUBTRACT  shift, and go to state 109
    OP_MODULO    shift, and go to state 110
    OP_REL       shift, and go to state 111
    PAREN_OPEN   shift, and go to state 112
    SEMICOLON    shift, and go to state 166
    DOT          shift, and go to state 114


state 151

   38 method_signature: access_modifier STATIC_KEYWORD type ID PAREN_OPEN PAREN_CLOSE .

    $default  reduce using rule 38 (method_signature)


state 152

   36 method_signature: access_modifier STATIC_KEYWORD type ID PAREN_OPEN parameter_list . PAREN_CLOSE
   40 parameter_list: parameter_list . COMMA parameter

    PAREN_CLOSE  shift, and go to state 167
    COMMA        shift, and go to state 156


state 153

   19 field_declaration: access_modifier type ID AFF expression SEMICOLON .

    $default  reduce using rule 19 (field_declaration)


state 154

   41 parameter: type ID .

    $default  reduce using rule 41 (parameter)


state 155

   35 method_signature: access_modifier type ID PAREN_OPEN parameter_list PAREN_CLOSE .

    $default  reduce using rule 35 (method_signature)


state 156

   40 parameter_list: parameter_list COMMA . parameter

    ID            shift, and go to state 35
    INT_TYPE      shift, and go to state 36
    FLOAT_TYPE    shift, and go to state 37
    BOOLEAN_TYPE  shift, and go to state 38
    CHAR_TYPE     shift, and go to state 39
    STRING_TYPE   shift, and go to state 40
    VOID_TYPE     shift, and go to state 41

    type       go to state 123
    parameter  go to state 168


state 157

   53 assignment_statement: ID AFF expression SEMICOLON .

    $default  reduce using rule 53 (assignment_statement)


state 158

   55 if_statement: IF_KEYWORD PAREN_OPEN expression PAREN_CLOSE . statement
   56             | IF_KEYWORD PAREN_OPEN expression PAREN_CLOSE . statement ELSE_KEYWORD statement

    error            shift, and go to state 56
    ID               shift, and go to state 57
    CURLY_OPEN       shift, and go to state 58
    PAREN_OPEN       shift, and go to state 59
    SEMICOLON        shift, and go to state 60
    INT_LITERAL      shift, and go to state 61
    FLOAT_LITERAL    shift, and go to state 62
    BOOLEAN_LITERAL  shift, and go to state 63
    CHAR_LITERAL     shift, and go to state 64
    STRING_LITERAL   shift, and go to state 65
    INT_TYPE         shift, and go to state 36
    FLOAT_TYPE       shift, and go to state 37
    BOOLEAN_TYPE     shift, and go to state 38
    CHAR_TYPE        shift, and go to state 39
    STRING_TYPE      shift, and go to state 40
    VOID_TYPE        shift, and go to state 41
    THIS_KEYWORD     shift, and go to state 66
    IF_KEYWORD       shift, and go to state 67
    WHILE_KEYWORD    shift, and go to state 68
    FOR_KEYWORD      shift, and go to state 69
    RETURN_KEYWORD   shift, and go to state 70

    type                        go to state 71
    statement                   go to state 169
    assignment_statement        go to state 75
    block                       go to state 76
    if_statement                go to state 77
    while_statement             go to state 78
    for_statement               go to state 79
    return_statement            go to state 80
    expression                  go to state 81
    expression_statement        go to state 82
    local_variable_declaration  go to state 83


state 159

   57 while_statement: WHILE_KEYWORD PAREN_OPEN expression PAREN_CLOSE . statement

    error            shift, and go to state 56
    ID               shift, and go to state 57
    CURLY_OPEN       shift, and go to state 58
    PAREN_OPEN       shift, and go to state 59
    SEMICOLON        shift, and go to state 60
    INT_LITERAL      shift, and go to state 61
    FLOAT_LITERAL    shift, and go to state 62
    BOOLEAN_LITERAL  shift, and go to state 63
    CHAR_LITERAL     shift, and go to state 64
    STRING_LITERAL   shift, and go to state 65
    INT_TYPE         shift, and go to state 36
    FLOAT_TYPE       shift, and go to state 37
    BOOLEAN_TYPE     shift, and go to state 38
    CHAR_TYPE        shift, and go to state 39
    STRING_TYPE      shift, and go to state 40
    VOID_TYPE        shift, and go to state 41
    THIS_KEYWORD     shift, and go to state 66
    IF_KEYWORD       shift, and go to state 67
    WHILE_KEYWORD    shift, and go to state 68
    FOR_KEYWORD      shift, and go to state 69
    RETURN_KEYWORD   shift, and go to state 70

    type                        go to state 71
    statement                   go to state 170
    assignment_statement        go to state 75
    block                       go to state 76
    if_statement                go to state 77
    while_statement             go to state 78
    for_statement               go to state 79
    return_statement            go to state 80
    expression                  go to state 81
    expression_statement        go to state 82
    local_variable_declaration  go to state 83


state 160

   58 for_statement: FOR_KEYWORD PAREN_OPEN for_init_statement SEMICOLON . expression SEMICOLON for_update_statement PAREN_CLOSE statement

    error            shift, and go to state 56
    ID               shift, and go to state 96
    PAREN_OPEN       shift, and go to state 59
    INT_LITERAL      shift, and go to state 61
    FLOAT_LITERAL    shift, and go to state 62
    BOOLEAN_LITERAL  shift, and go to state 63
    CHAR_LITERAL     shift, and go to state 64
    STRING_LITERAL   shift, and go to state 65
    THIS_KEYWORD     shift, and go to state 66

    expression  go to state 171


state 161

   64 expression: expression . OP_ADD expression
   65           | expression . OP_SUBTRACT expression
   66           | expression . OP_MULTIPLY expression
   67           | expression . OP_DIVIDE expression
   68           | expression . OP_MODULO expression
   69           | expression . OP_REL expression
   71           | expression . DOT ID PAREN_OPEN PAREN_CLOSE
   72           | expression . PAREN_OPEN argument_list PAREN_CLOSE
   73           | expression . PAREN_OPEN PAREN_CLOSE
   88 local_variable_declaration: type ID AFF expression . SEMICOLON

    OP_MULTIPLY  shift, and go to state 106
    OP_DIVIDE    shift, and go to state 107
    OP_ADD       shift, and go to state 108
    OP_SUBTRACT  shift, and go to state 109
    OP_MODULO    shift, and go to state 110
    OP_REL       shift, and go to state 111
    PAREN_OPEN   shift, and go to state 112
    SEMICOLON    shift, and go to state 172
    DOT          shift, and go to state 114


state 162

   72 expression: expression PAREN_OPEN argument_list PAREN_CLOSE .

    $default  reduce using rule 72 (expression)


state 163

   84 argument_list: argument_list COMMA . expression

    error            shift, and go to state 56
    ID               shift, and go to state 96
    PAREN_OPEN       shift, and go to state 59
    INT_LITERAL      shift, and go to state 61
    FLOAT_LITERAL    shift, and go to state 62
    BOOLEAN_LITERAL  shift, and go to state 63
    CHAR_LITERAL     shift, and go to state 64
    STRING_LITERAL   shift, and go to state 65
    THIS_KEYWORD     shift, and go to state 66

    expression  go to state 173


state 164

   71 expression: expression DOT ID PAREN_OPEN . PAREN_CLOSE

    PAREN_CLOSE  shift, and go to state 174


state 165

   12 class: CLASS_KEYWORD ID EXTENDS_KEYWORD ID IMPLEMENTS_KEYWORD id_list CURLY_OPEN class_body CURLY_CLOSE .

    $default  reduce using rule 12 (class)


state 166

   20 field_declaration: access_modifier STATIC_KEYWORD type ID AFF expression SEMICOLON .

    $default  reduce using rule 20 (field_declaration)


state 167

   36 method_signature: access_modifier STATIC_KEYWORD type ID PAREN_OPEN parameter_list PAREN_CLOSE .

    $default  reduce using rule 36 (method_signature)


state 168

   40 parameter_list: parameter_list COMMA parameter .

    $default  reduce using rule 40 (parameter_list)


state 169

   55 if_statement: IF_KEYWORD PAREN_OPEN expression PAREN_CLOSE statement .
   56             | IF_KEYWORD PAREN_OPEN expression PAREN_CLOSE statement . ELSE_KEYWORD statement

    ELSE_KEYWORD  shift, and go to state 175

    ELSE_KEYWORD  [reduce using rule 55 (if_statement)]
    $default      reduce using rule 55 (if_statement)


state 170

   57 while_statement: WHILE_KEYWORD PAREN_OPEN expression PAREN_CLOSE statement .

    $default  reduce using rule 57 (while_statement)


state 171

   58 for_statement: FOR_KEYWORD PAREN_OPEN for_init_statement SEMICOLON expression . SEMICOLON for_update_statement PAREN_CLOSE statement
   64 expression: expression . OP_ADD expression
   65           | expression . OP_SUBTRACT expression
   66           | expression . OP_MULTIPLY expression
   67           | expression . OP_DIVIDE expression
   68           | expression . OP_MODULO expression
   69           | expression . OP_REL expression
   71           | expression . DOT ID PAREN_OPEN PAREN_CLOSE
   72           | expression . PAREN_OPEN argument_list PAREN_CLOSE
   73           | expression . PAREN_OPEN PAREN_CLOSE

    OP_MULTIPLY  shift, and go to state 106
    OP_DIVIDE    shift, and go to state 107
    OP_ADD       shift, and go to state 108
    OP_SUBTRACT  shift, and go to state 109
    OP_MODULO    shift, and go to state 110
    OP_REL       shift, and go to state 111
    PAREN_OPEN   shift, and go to state 112
    SEMICOLON    shift, and go to state 176
    DOT          shift, and go to state 114


state 172

   88 local_variable_declaration: type ID AFF expression SEMICOLON .

    $default  reduce using rule 88 (local_variable_declaration)


state 173

   64 expression: expression . OP_ADD expression
   65           | expression . OP_SUBTRACT expression
   66           | expression . OP_MULTIPLY expression
   67           | expression . OP_DIVIDE expression
   68           | expression . OP_MODULO expression
   69           | expression . OP_REL expression
   71           | expression . DOT ID PAREN_OPEN PAREN_CLOSE
   72           | expression . PAREN_OPEN argument_list PAREN_CLOSE
   73           | expression . PAREN_OPEN PAREN_CLOSE
   84 argument_list: argument_list COMMA expression .

    OP_MULTIPLY  shift, and go to state 106
    OP_DIVIDE    shift, and go to state 107
    OP_ADD       shift, and go to state 108
    OP_SUBTRACT  shift, and go to state 109
    OP_MODULO    shift, and go to state 110
    OP_REL       shift, and go to state 111
    PAREN_OPEN   shift, and go to state 112
    DOT          shift, and go to state 114

    $default  reduce using rule 84 (argument_list)


state 174

   71 expression: expression DOT ID PAREN_OPEN PAREN_CLOSE .

    $default  reduce using rule 71 (expression)


state 175

   56 if_statement: IF_KEYWORD PAREN_OPEN expression PAREN_CLOSE statement ELSE_KEYWORD . statement

    error            shift, and go to state 56
    ID               shift, and go to state 57
    CURLY_OPEN       shift, and go to state 58
    PAREN_OPEN       shift, and go to state 59
    SEMICOLON        shift, and go to state 60
    INT_LITERAL      shift, and go to state 61
    FLOAT_LITERAL    shift, and go to state 62
    BOOLEAN_LITERAL  shift, and go to state 63
    CHAR_LITERAL     shift, and go to state 64
    STRING_LITERAL   shift, and go to state 65
    INT_TYPE         shift, and go to state 36
    FLOAT_TYPE       shift, and go to state 37
    BOOLEAN_TYPE     shift, and go to state 38
    CHAR_TYPE        shift, and go to state 39
    STRING_TYPE      shift, and go to state 40
    VOID_TYPE        shift, and go to state 41
    THIS_KEYWORD     shift, and go to state 66
    IF_KEYWORD       shift, and go to state 67
    WHILE_KEYWORD    shift, and go to state 68
    FOR_KEYWORD      shift, and go to state 69
    RETURN_KEYWORD   shift, and go to state 70

    type                        go to state 71
    statement                   go to state 177
    assignment_statement        go to state 75
    block                       go to state 76
    if_statement                go to state 77
    while_statement             go to state 78
    for_statement               go to state 79
    return_statement            go to state 80
    expression                  go to state 81
    expression_statement        go to state 82
    local_variable_declaration  go to state 83


state 176

   58 for_statement: FOR_KEYWORD PAREN_OPEN for_init_statement SEMICOLON expression SEMICOLON . for_update_statement PAREN_CLOSE statement

    error            shift, and go to state 56
    ID               shift, and go to state 96
    PAREN_OPEN       shift, and go to state 59
    SEMICOLON        shift, and go to state 60
    INT_LITERAL      shift, and go to state 61
    FLOAT_LITERAL    shift, and go to state 62
    BOOLEAN_LITERAL  shift, and go to state 63
    CHAR_LITERAL     shift, and go to state 64
    STRING_LITERAL   shift, and go to state 65
    THIS_KEYWORD     shift, and go to state 66

    for_update_statement  go to state 178
    expression            go to state 81
    expression_statement  go to state 179


state 177

   56 if_statement: IF_KEYWORD PAREN_OPEN expression PAREN_CLOSE statement ELSE_KEYWORD statement .

    $default  reduce using rule 56 (if_statement)


state 178

   58 for_statement: FOR_KEYWORD PAREN_OPEN for_init_statement SEMICOLON expression SEMICOLON for_update_statement . PAREN_CLOSE statement

    PAREN_CLOSE  shift, and go to state 180


state 179

   61 for_update_statement: expression_statement .

    $default  reduce using rule 61 (for_update_statement)


state 180

   58 for_statement: FOR_KEYWORD PAREN_OPEN for_init_statement SEMICOLON expression SEMICOLON for_update_statement PAREN_CLOSE . statement

    error            shift, and go to state 56
    ID               shift, and go to state 57
    CURLY_OPEN       shift, and go to state 58
    PAREN_OPEN       shift, and go to state 59
    SEMICOLON        shift, and go to state 60
    INT_LITERAL      shift, and go to state 61
    FLOAT_LITERAL    shift, and go to state 62
    BOOLEAN_LITERAL  shift, and go to state 63
    CHAR_LITERAL     shift, and go to state 64
    STRING_LITERAL   shift, and go to state 65
    INT_TYPE         shift, and go to state 36
    FLOAT_TYPE       shift, and go to state 37
    BOOLEAN_TYPE     shift, and go to state 38
    CHAR_TYPE        shift, and go to state 39
    STRING_TYPE      shift, and go to state 40
    VOID_TYPE        shift, and go to state 41
    THIS_KEYWORD     shift, and go to state 66
    IF_KEYWORD       shift, and go to state 67
    WHILE_KEYWORD    shift, and go to state 68
    FOR_KEYWORD      shift, and go to state 69
    RETURN_KEYWORD   shift, and go to state 70

    type                        go to state 71
    statement                   go to state 181
    assignment_statement        go to state 75
    block                       go to state 76
    if_statement                go to state 77
    while_statement             go to state 78
    for_statement               go to state 79
    return_statement            go to state 80
    expression                  go to state 81
    expression_statement        go to state 82
    local_variable_declaration  go to state 83


state 181

   58 for_statement: FOR_KEYWORD PAREN_OPEN for_init_statement SEMICOLON expression SEMICOLON for_update_statement PAREN_CLOSE statement .

    $default  reduce using rule 58 (for_statement)
